<?xml version="1.0" encoding="UTF-8"?>
<!-- Generated by org.testng.reporters.JUnitReportReporter -->
<testsuite hostname="DESKTOP-RODG84K" failures="0" tests="10" name="com.aweber.qa.tests.MyProfilePageTest" time="107.410" errors="0" timestamp="11 May 2021 12:43:41 GMT" skipped="0">
  <testcase classname="com.aweber.qa.tests.MyProfilePageTest" name="myProfilePhotoTest" time="11.030"/>
  <testcase classname="com.aweber.qa.tests.MyProfilePageTest" name="validateProfileUserName" time="10.605"/>
  <testcase classname="com.aweber.qa.tests.MyProfilePageTest" name="validateProfileHeaderLabel" time="10.869"/>
  <testcase classname="com.aweber.qa.tests.MyProfilePageTest" name="validateDisplayNameLabel" time="10.399"/>
  <testcase classname="com.aweber.qa.tests.MyProfilePageTest" name="validatePublicDisplayName" time="8.175"/>
  <testcase classname="com.aweber.qa.tests.MyProfilePageTest" name="saveProfileDetailsTest" time="13.188"/>
  <testcase classname="com.aweber.qa.tests.MyProfilePageTest" name="addUrlButtonTest" time="11.177"/>
  <testcase classname="com.aweber.qa.tests.MyProfilePageTest" name="addUrlButtonTest" time="10.719"/>
  <testcase classname="com.aweber.qa.tests.MyProfilePageTest" name="addUrlButtonTest" time="11.406"/>
  <testcase classname="com.aweber.qa.tests.MyProfilePageTest" name="logOutTest" time="9.842"/>
</testsuite> <!-- com.aweber.qa.tests.MyProfilePageTest -->
