<?xml version="1.0" encoding="UTF-8"?>
<!-- Generated by org.testng.reporters.JUnitReportReporter -->
<testsuite hostname="DESKTOP-RODG84K" failures="0" tests="1" name="com.aweber.qa.tests.LoginPageTest" time="12.461" errors="0" timestamp="09 May 2021 21:15:22 GMT" skipped="0">
  <testcase classname="com.aweber.qa.tests.LoginPageTest" name="loginTest" time="12.461"/>
</testsuite> <!-- com.aweber.qa.tests.LoginPageTest -->
